<?xml version="1.0" encoding="UTF-8"?>
<!-- Generated by org.testng.reporters.JUnitXMLReporter -->
<testsuite hostname="DESKTOP-JC7NJGU" ignored="0" name="banktest" tests="2" failures="1" timestamp="2020-11-01T17:40:26 IST" time="39.96" errors="0">
  <testcase name="logintest" time="10.06" classname="com.inetbanking.TestCases.TC_LoginTest_001hardcodedata">
    <failure type="java.lang.AssertionError" message="expected [true] but found [false]">
      <![CDATA[java.lang.AssertionError: expected [true] but found [false]
at com.inetbanking.TestCases.TC_LoginTest_001hardcodedata.logintest(TC_LoginTest_001hardcodedata.java:39)
at java.util.ArrayList.forEach(Unknown Source)
... Removed 31 stack frames]]>
    </failure>
  </testcase> <!-- logintest -->
  <testcase name="logintest" time="13.059" classname="com.inetbanking.TestCases.TC_LoginTest_001Redcongfile"/>
</testsuite> <!-- banktest -->
